Using pre-set license
Built from '2020.2/release' branch; Version is '2020.2.1f1 (270dd8c3da1c) revision 2559448'; Using compiler version '192528614'; Build Type 'Release'
OS: 'Windows 10  (10.0.0) 64bit' Language: 'pt' Physical Memory: 6075 MB
BatchMode: 1, IsHumanControllingUs: 0, StartBugReporterOnCrash: 0, Is64bit: 1, IsPro: 0

 COMMAND LINE ARGUMENTS:
C:\Program Files\Unity\Hub\Editor\2020.2.1f1\Editor\Unity.exe
-adb2
-batchMode
-noUpm
-name
AssetImportWorker1
-projectPath
C:/Users/Windows10/Documents/Unity/Projeto Integrado 2
-logFile
Logs/AssetImportWorker1.log
-srvPort
62579
Successfully changed project path to: C:/Users/Windows10/Documents/Unity/Projeto Integrado 2
C:/Users/Windows10/Documents/Unity/Projeto Integrado 2
Using Asset Import Pipeline V2.
Refreshing native plugins compatible for Editor in 50.93 ms, found 1 plugins.
Preloading 0 native plugins for Editor in 0.00 ms.
Initialize engine version: 2020.2.1f1 (270dd8c3da1c)
[Subsystems] Discovering subsystems at path C:/Program Files/Unity/Hub/Editor/2020.2.1f1/Editor/Data/Resources/UnitySubsystems
[Subsystems] Discovering subsystems at path C:/Users/Windows10/Documents/Unity/Projeto Integrado 2/Assets
GfxDevice: creating device client; threaded=0
Direct3D:
    Version:  Direct3D 11.0 [level 11.1]
    Renderer: AMD Radeon(TM) Vega 8 Graphics (ID=0x15d8)
    Vendor:   
    VRAM:     3037 MB
    Driver:   27.20.1020.1
Initialize mono
Mono path[0] = 'C:/Program Files/Unity/Hub/Editor/2020.2.1f1/Editor/Data/Managed'
Mono path[1] = 'C:/Program Files/Unity/Hub/Editor/2020.2.1f1/Editor/Data/MonoBleedingEdge/lib/mono/unityjit'
Mono config path = 'C:/Program Files/Unity/Hub/Editor/2020.2.1f1/Editor/Data/MonoBleedingEdge/etc'
Using monoOptions --debugger-agent=transport=dt_socket,embedding=1,server=y,suspend=n,address=127.0.0.1:56124
Begin MonoManager ReloadAssembly
Registering precompiled unity dll's ...
Register platform support module: C:/Program Files/Unity/Hub/Editor/2020.2.1f1/Editor/Data/PlaybackEngines/WindowsStandaloneSupport/UnityEditor.WindowsStandalone.Extensions.dll
Registered in 0.002608 seconds.
Native extension for WindowsStandalone target not found
Refreshing native plugins compatible for Editor in 41.47 ms, found 1 plugins.
Preloading 0 native plugins for Editor in 0.00 ms.
Invoked RoslynAnalysisRunner static constructor.
RoslynAnalysisRunner will not be running.
RoslynAnalysisRunner has terminated.
Mono: successfully reloaded assembly
- Completed reload, in 11.834 seconds
Platform modules already initialized, skipping
Registering precompiled user dll's ...
Registered in 0.001493 seconds.
Begin MonoManager ReloadAssembly
Native extension for WindowsStandalone target not found
Refreshing native plugins compatible for Editor in 52.90 ms, found 1 plugins.
Preloading 0 native plugins for Editor in 0.00 ms.
Invoked RoslynAnalysisRunner static constructor.
RoslynAnalysisRunner will not be running.
RoslynAnalysisRunner has terminated.
Mono: successfully reloaded assembly
- Completed reload, in  1.147 seconds
Platform modules already initialized, skipping
========================================================================
Worker process is ready to serve import requests
Launched and connected shader compiler UnityShaderCompiler.exe after 0.05 seconds
Refreshing native plugins compatible for Editor in 0.37 ms, found 1 plugins.
Preloading 0 native plugins for Editor in 0.00 ms.
Unloading 1790 Unused Serialized files (Serialized files now loaded: 0)
System memory in use before: 84.3 MB.
System memory in use after: 84.3 MB.

Unloading 23 unused Assets to reduce memory usage. Loaded Objects now: 2233.
Total: 2.722600 ms (FindLiveObjects: 0.260400 ms CreateObjectMapping: 0.058200 ms MarkObjects: 2.275000 ms  DeleteObjects: 0.127100 ms)

========================================================================
Received Import Request.
  path: Assets/Scenes/Modulo0101.unity
  artifactKey: Guid(caa92288dfced9643a8bb284915c23b7) Importer(815301076,1909f56bfc062723c751e8b465ee728b)
Start importing Assets/Scenes/Modulo0101.unity using Guid(caa92288dfced9643a8bb284915c23b7) Importer(815301076,1909f56bfc062723c751e8b465ee728b)  -> (artifact id: '3171be233fc1d0e3da2d183674dfc7a6') in 0.016499 seconds
  Import took 0.020888 seconds .

========================================================================
Received Import Request.
  Time since last request: 28.158756 seconds.
  path: Assets/Scripts/bttFases.cs
  artifactKey: Guid(2f9f4aac57a589042a9f6a9e1d0bd12c) Importer(815301076,1909f56bfc062723c751e8b465ee728b)
Start importing Assets/Scripts/bttFases.cs using Guid(2f9f4aac57a589042a9f6a9e1d0bd12c) Importer(815301076,1909f56bfc062723c751e8b465ee728b)  -> (artifact id: 'c65a8687c4f305355dc88027d149fca0') in 0.071141 seconds
  Import took 0.074814 seconds .

========================================================================
Received Prepare
Registering precompiled user dll's ...
Registered in 0.001832 seconds.
Begin MonoManager ReloadAssembly
Native extension for WindowsStandalone target not found
Refreshing native plugins compatible for Editor in 0.42 ms, found 1 plugins.
Preloading 0 native plugins for Editor in 0.00 ms.
Invoked RoslynAnalysisRunner static constructor.
RoslynAnalysisRunner will not be running.
RoslynAnalysisRunner has terminated.
Mono: successfully reloaded assembly
- Completed reload, in  1.019 seconds
Platform modules already initialized, skipping
Refreshing native plugins compatible for Editor in 0.38 ms, found 1 plugins.
Preloading 0 native plugins for Editor in 0.00 ms.
Unloading 1784 Unused Serialized files (Serialized files now loaded: 0)
System memory in use before: 84.3 MB.
System memory in use after: 84.3 MB.

Unloading 11 unused Assets to reduce memory usage. Loaded Objects now: 2236.
Total: 3.008400 ms (FindLiveObjects: 0.217700 ms CreateObjectMapping: 0.044200 ms MarkObjects: 2.639200 ms  DeleteObjects: 0.105200 ms)

========================================================================
Received Import Request.
  Time since last request: 50.077512 seconds.
  path: Assets/Scripts/bttFases.cs
  artifactKey: Guid(2f9f4aac57a589042a9f6a9e1d0bd12c) Importer(815301076,1909f56bfc062723c751e8b465ee728b)
Start importing Assets/Scripts/bttFases.cs using Guid(2f9f4aac57a589042a9f6a9e1d0bd12c) Importer(815301076,1909f56bfc062723c751e8b465ee728b)  -> (artifact id: 'ded194b3759dc4178375c57c470d0143') in 0.007267 seconds
  Import took 0.010503 seconds .

========================================================================
Received Prepare
Registering precompiled user dll's ...
Registered in 0.001668 seconds.
Begin MonoManager ReloadAssembly
Native extension for WindowsStandalone target not found
Refreshing native plugins compatible for Editor in 0.53 ms, found 1 plugins.
Preloading 0 native plugins for Editor in 0.00 ms.
Invoked RoslynAnalysisRunner static constructor.
RoslynAnalysisRunner will not be running.
RoslynAnalysisRunner has terminated.
Mono: successfully reloaded assembly
- Completed reload, in  1.048 seconds
Platform modules already initialized, skipping
Refreshing native plugins compatible for Editor in 0.38 ms, found 1 plugins.
Preloading 0 native plugins for Editor in 0.00 ms.
Unloading 1784 Unused Serialized files (Serialized files now loaded: 0)
System memory in use before: 84.4 MB.
System memory in use after: 84.4 MB.

Unloading 11 unused Assets to reduce memory usage. Loaded Objects now: 2239.
Total: 2.578000 ms (FindLiveObjects: 0.216100 ms CreateObjectMapping: 0.048100 ms MarkObjects: 2.199900 ms  DeleteObjects: 0.112400 ms)

========================================================================
Received Import Request.
  Time since last request: 48.923276 seconds.
  path: Assets/Scripts/bttFases.cs
  artifactKey: Guid(2f9f4aac57a589042a9f6a9e1d0bd12c) Importer(815301076,1909f56bfc062723c751e8b465ee728b)
Start importing Assets/Scripts/bttFases.cs using Guid(2f9f4aac57a589042a9f6a9e1d0bd12c) Importer(815301076,1909f56bfc062723c751e8b465ee728b)  -> (artifact id: '5e8ade534fa6293689ab16eefbee84e0') in 0.007189 seconds
  Import took 0.011138 seconds .

========================================================================
Received Prepare
Registering precompiled user dll's ...
Registered in 0.001552 seconds.
Begin MonoManager ReloadAssembly
Native extension for WindowsStandalone target not found
Refreshing native plugins compatible for Editor in 0.41 ms, found 1 plugins.
Preloading 0 native plugins for Editor in 0.00 ms.
Invoked RoslynAnalysisRunner static constructor.
RoslynAnalysisRunner will not be running.
RoslynAnalysisRunner has terminated.
Mono: successfully reloaded assembly
- Completed reload, in  1.186 seconds
Platform modules already initialized, skipping
Refreshing native plugins compatible for Editor in 0.46 ms, found 1 plugins.
Preloading 0 native plugins for Editor in 0.00 ms.
Unloading 1784 Unused Serialized files (Serialized files now loaded: 0)
System memory in use before: 84.5 MB.
System memory in use after: 84.5 MB.

Unloading 11 unused Assets to reduce memory usage. Loaded Objects now: 2242.
Total: 3.748000 ms (FindLiveObjects: 0.400000 ms CreateObjectMapping: 0.127200 ms MarkObjects: 3.056300 ms  DeleteObjects: 0.162000 ms)

========================================================================
Received Import Request.
  Time since last request: 27.147979 seconds.
  path: Assets/Scenes/Modulo01P01.unity
  artifactKey: Guid(e27386bbfcf5c68498ea3054e7e4f77b) Importer(815301076,1909f56bfc062723c751e8b465ee728b)
Start importing Assets/Scenes/Modulo01P01.unity using Guid(e27386bbfcf5c68498ea3054e7e4f77b) Importer(815301076,1909f56bfc062723c751e8b465ee728b)  -> (artifact id: 'be7e47a3a2924218f5be3e4f66d563aa') in 0.033108 seconds
  Import took 0.038040 seconds .

AssetImportWorkerClient::OnTransportError - code=2 error=End of file
