Using pre-set license
Built from '2020.2/release' branch; Version is '2020.2.1f1 (270dd8c3da1c) revision 2559448'; Using compiler version '192528614'; Build Type 'Release'
OS: 'Windows 10  (10.0.0) 64bit' Language: 'pt' Physical Memory: 6075 MB
BatchMode: 1, IsHumanControllingUs: 0, StartBugReporterOnCrash: 0, Is64bit: 1, IsPro: 0

 COMMAND LINE ARGUMENTS:
C:\Program Files\Unity\Hub\Editor\2020.2.1f1\Editor\Unity.exe
-adb2
-batchMode
-noUpm
-name
AssetImportWorker0
-projectPath
C:/Users/Windows10/Documents/Unity/Projeto Integrado 2
-logFile
Logs/AssetImportWorker0.log
-srvPort
49200
Successfully changed project path to: C:/Users/Windows10/Documents/Unity/Projeto Integrado 2
C:/Users/Windows10/Documents/Unity/Projeto Integrado 2
Using Asset Import Pipeline V2.
Refreshing native plugins compatible for Editor in 50.79 ms, found 1 plugins.
Preloading 0 native plugins for Editor in 0.00 ms.
Initialize engine version: 2020.2.1f1 (270dd8c3da1c)
[Subsystems] Discovering subsystems at path C:/Program Files/Unity/Hub/Editor/2020.2.1f1/Editor/Data/Resources/UnitySubsystems
[Subsystems] Discovering subsystems at path C:/Users/Windows10/Documents/Unity/Projeto Integrado 2/Assets
GfxDevice: creating device client; threaded=0
Direct3D:
    Version:  Direct3D 11.0 [level 11.1]
    Renderer: AMD Radeon(TM) Vega 8 Graphics (ID=0x15d8)
    Vendor:   
    VRAM:     3037 MB
    Driver:   27.20.1020.1
Initialize mono
Mono path[0] = 'C:/Program Files/Unity/Hub/Editor/2020.2.1f1/Editor/Data/Managed'
Mono path[1] = 'C:/Program Files/Unity/Hub/Editor/2020.2.1f1/Editor/Data/MonoBleedingEdge/lib/mono/unityjit'
Mono config path = 'C:/Program Files/Unity/Hub/Editor/2020.2.1f1/Editor/Data/MonoBleedingEdge/etc'
Using monoOptions --debugger-agent=transport=dt_socket,embedding=1,server=y,suspend=n,address=127.0.0.1:56204
Begin MonoManager ReloadAssembly
Registering precompiled unity dll's ...
Register platform support module: C:/Program Files/Unity/Hub/Editor/2020.2.1f1/Editor/Data/PlaybackEngines/WindowsStandaloneSupport/UnityEditor.WindowsStandalone.Extensions.dll
Registered in 0.002880 seconds.
Native extension for WindowsStandalone target not found
Refreshing native plugins compatible for Editor in 38.85 ms, found 1 plugins.
Preloading 0 native plugins for Editor in 0.00 ms.
Invoked RoslynAnalysisRunner static constructor.
RoslynAnalysisRunner will not be running.
RoslynAnalysisRunner has terminated.
Mono: successfully reloaded assembly
- Completed reload, in  2.733 seconds
Platform modules already initialized, skipping
Registering precompiled user dll's ...
Registered in 0.001397 seconds.
Begin MonoManager ReloadAssembly
Native extension for WindowsStandalone target not found
Refreshing native plugins compatible for Editor in 45.52 ms, found 1 plugins.
Preloading 0 native plugins for Editor in 0.00 ms.
Invoked RoslynAnalysisRunner static constructor.
RoslynAnalysisRunner will not be running.
RoslynAnalysisRunner has terminated.
Mono: successfully reloaded assembly
- Completed reload, in  1.149 seconds
Platform modules already initialized, skipping
========================================================================
Worker process is ready to serve import requests
Launched and connected shader compiler UnityShaderCompiler.exe after 0.03 seconds
Refreshing native plugins compatible for Editor in 0.40 ms, found 1 plugins.
Preloading 0 native plugins for Editor in 0.00 ms.
Unloading 1791 Unused Serialized files (Serialized files now loaded: 0)
System memory in use before: 84.2 MB.
System memory in use after: 84.2 MB.

Unloading 23 unused Assets to reduce memory usage. Loaded Objects now: 2234.
Total: 5.485900 ms (FindLiveObjects: 0.464400 ms CreateObjectMapping: 0.782600 ms MarkObjects: 4.091300 ms  DeleteObjects: 0.144700 ms)

========================================================================
Received Import Request.
  path: Assets/Scenes/Modulo01P01.unity
  artifactKey: Guid(e27386bbfcf5c68498ea3054e7e4f77b) Importer(815301076,1909f56bfc062723c751e8b465ee728b)
Start importing Assets/Scenes/Modulo01P01.unity using Guid(e27386bbfcf5c68498ea3054e7e4f77b) Importer(815301076,1909f56bfc062723c751e8b465ee728b)  -> (artifact id: '44c7d1d9ad4c77594531260c857a410f') in 0.014476 seconds
  Import took 0.018212 seconds .

========================================================================
Received Import Request.
  Time since last request: 1.469234 seconds.
  path: Assets/Scripts/NewBehaviourScript.cs
  artifactKey: Guid(60d112c1fd35d044c97921f0c43f0355) Importer(815301076,1909f56bfc062723c751e8b465ee728b)
Start importing Assets/Scripts/NewBehaviourScript.cs using Guid(60d112c1fd35d044c97921f0c43f0355) Importer(815301076,1909f56bfc062723c751e8b465ee728b)  -> (artifact id: 'f7c635c018d50fcb7ed0ac1807cc9dac') in 0.047611 seconds
  Import took 0.051279 seconds .

========================================================================
Received Import Request.
  Time since last request: 31.929175 seconds.
  path: Assets/Scripts/NewBehaviourScript.cs
  artifactKey: Guid(60d112c1fd35d044c97921f0c43f0355) Importer(815301076,1909f56bfc062723c751e8b465ee728b)
Start importing Assets/Scripts/NewBehaviourScript.cs using Guid(60d112c1fd35d044c97921f0c43f0355) Importer(815301076,1909f56bfc062723c751e8b465ee728b)  -> (artifact id: '119ee6ccca89dde88e1ae469339800a8') in 0.006326 seconds
  Import took 0.011587 seconds .

========================================================================
Received Import Request.
  Time since last request: 75.413403 seconds.
  path: Assets/Scripts/NewBehaviourScript.cs
  artifactKey: Guid(60d112c1fd35d044c97921f0c43f0355) Importer(815301076,1909f56bfc062723c751e8b465ee728b)
Start importing Assets/Scripts/NewBehaviourScript.cs using Guid(60d112c1fd35d044c97921f0c43f0355) Importer(815301076,1909f56bfc062723c751e8b465ee728b)  -> (artifact id: '8af16627d71311224a0d6185acb625a2') in 0.003947 seconds
  Import took 0.008960 seconds .

========================================================================
Received Prepare
Registering precompiled user dll's ...
Registered in 0.001448 seconds.
Begin MonoManager ReloadAssembly
Native extension for WindowsStandalone target not found
Refreshing native plugins compatible for Editor in 0.56 ms, found 1 plugins.
Preloading 0 native plugins for Editor in 0.00 ms.
Invoked RoslynAnalysisRunner static constructor.
RoslynAnalysisRunner will not be running.
RoslynAnalysisRunner has terminated.
Mono: successfully reloaded assembly
- Completed reload, in  1.077 seconds
Platform modules already initialized, skipping
Refreshing native plugins compatible for Editor in 0.46 ms, found 1 plugins.
Preloading 0 native plugins for Editor in 0.00 ms.
Unloading 1785 Unused Serialized files (Serialized files now loaded: 0)
System memory in use before: 84.2 MB.
System memory in use after: 84.3 MB.

Unloading 11 unused Assets to reduce memory usage. Loaded Objects now: 2237.
Total: 2.703900 ms (FindLiveObjects: 0.220900 ms CreateObjectMapping: 0.044300 ms MarkObjects: 2.338800 ms  DeleteObjects: 0.098200 ms)

========================================================================
Received Prepare
Registering precompiled user dll's ...
Registered in 0.001386 seconds.
Begin MonoManager ReloadAssembly
Native extension for WindowsStandalone target not found
Refreshing native plugins compatible for Editor in 0.49 ms, found 1 plugins.
Preloading 0 native plugins for Editor in 0.00 ms.
Invoked RoslynAnalysisRunner static constructor.
RoslynAnalysisRunner will not be running.
RoslynAnalysisRunner has terminated.
Mono: successfully reloaded assembly
- Completed reload, in  3.040 seconds
Platform modules already initialized, skipping
Refreshing native plugins compatible for Editor in 0.39 ms, found 1 plugins.
Preloading 0 native plugins for Editor in 0.00 ms.
Unloading 1785 Unused Serialized files (Serialized files now loaded: 0)
System memory in use before: 84.4 MB.
System memory in use after: 84.4 MB.

Unloading 11 unused Assets to reduce memory usage. Loaded Objects now: 2240.
Total: 2.437000 ms (FindLiveObjects: 0.228100 ms CreateObjectMapping: 0.059100 ms MarkObjects: 2.050300 ms  DeleteObjects: 0.098200 ms)

========================================================================
Received Import Request.
  Time since last request: 168.542349 seconds.
  path: Assets/Scripts/perguntas.cs
  artifactKey: Guid(967aba29e035d3c41bd728df9add95aa) Importer(815301076,1909f56bfc062723c751e8b465ee728b)
Start importing Assets/Scripts/perguntas.cs using Guid(967aba29e035d3c41bd728df9add95aa) Importer(815301076,1909f56bfc062723c751e8b465ee728b)  -> (artifact id: '423c37fde61838a46770920abe7f46c9') in 0.008790 seconds
  Import took 0.012657 seconds .

========================================================================
Received Prepare
Registering precompiled user dll's ...
Registered in 0.001462 seconds.
Begin MonoManager ReloadAssembly
Native extension for WindowsStandalone target not found
Refreshing native plugins compatible for Editor in 0.43 ms, found 1 plugins.
Preloading 0 native plugins for Editor in 0.00 ms.
Invoked RoslynAnalysisRunner static constructor.
RoslynAnalysisRunner will not be running.
RoslynAnalysisRunner has terminated.
Mono: successfully reloaded assembly
- Completed reload, in  1.062 seconds
Platform modules already initialized, skipping
Refreshing native plugins compatible for Editor in 0.39 ms, found 1 plugins.
Preloading 0 native plugins for Editor in 0.00 ms.
Unloading 1785 Unused Serialized files (Serialized files now loaded: 0)
System memory in use before: 84.5 MB.
System memory in use after: 84.5 MB.

Unloading 11 unused Assets to reduce memory usage. Loaded Objects now: 2243.
Total: 2.782800 ms (FindLiveObjects: 0.301700 ms CreateObjectMapping: 0.052700 ms MarkObjects: 2.305600 ms  DeleteObjects: 0.120700 ms)

========================================================================
Received Import Request.
  Time since last request: 16.502140 seconds.
  path: Assets/Scripts/perguntas.cs
  artifactKey: Guid(967aba29e035d3c41bd728df9add95aa) Importer(815301076,1909f56bfc062723c751e8b465ee728b)
Start importing Assets/Scripts/perguntas.cs using Guid(967aba29e035d3c41bd728df9add95aa) Importer(815301076,1909f56bfc062723c751e8b465ee728b)  -> (artifact id: '5bfffed4c1adba6f6871b2252db86ecf') in 0.006627 seconds
  Import took 0.009897 seconds .

========================================================================
Received Prepare
Registering precompiled user dll's ...
Registered in 0.001395 seconds.
Begin MonoManager ReloadAssembly
Native extension for WindowsStandalone target not found
Refreshing native plugins compatible for Editor in 0.41 ms, found 1 plugins.
Preloading 0 native plugins for Editor in 0.00 ms.
Invoked RoslynAnalysisRunner static constructor.
RoslynAnalysisRunner will not be running.
RoslynAnalysisRunner has terminated.
Mono: successfully reloaded assembly
- Completed reload, in  1.020 seconds
Platform modules already initialized, skipping
Refreshing native plugins compatible for Editor in 0.46 ms, found 1 plugins.
Preloading 0 native plugins for Editor in 0.00 ms.
Unloading 1785 Unused Serialized files (Serialized files now loaded: 0)
System memory in use before: 84.6 MB.
System memory in use after: 84.6 MB.

Unloading 11 unused Assets to reduce memory usage. Loaded Objects now: 2246.
Total: 2.398500 ms (FindLiveObjects: 0.220100 ms CreateObjectMapping: 0.051100 ms MarkObjects: 2.027500 ms  DeleteObjects: 0.098400 ms)

========================================================================
Received Prepare
Registering precompiled user dll's ...
Registered in 0.002226 seconds.
Begin MonoManager ReloadAssembly
Native extension for WindowsStandalone target not found
Refreshing native plugins compatible for Editor in 0.46 ms, found 1 plugins.
Preloading 0 native plugins for Editor in 0.00 ms.
Invoked RoslynAnalysisRunner static constructor.
RoslynAnalysisRunner will not be running.
RoslynAnalysisRunner has terminated.
Mono: successfully reloaded assembly
- Completed reload, in  1.038 seconds
Platform modules already initialized, skipping
Refreshing native plugins compatible for Editor in 0.40 ms, found 1 plugins.
Preloading 0 native plugins for Editor in 0.00 ms.
Unloading 1785 Unused Serialized files (Serialized files now loaded: 0)
System memory in use before: 84.7 MB.
System memory in use after: 84.7 MB.

Unloading 11 unused Assets to reduce memory usage. Loaded Objects now: 2249.
Total: 2.615600 ms (FindLiveObjects: 0.241000 ms CreateObjectMapping: 0.058500 ms MarkObjects: 2.204900 ms  DeleteObjects: 0.109500 ms)

========================================================================
Received Prepare
Registering precompiled user dll's ...
Registered in 0.004221 seconds.
Begin MonoManager ReloadAssembly
Native extension for WindowsStandalone target not found
Refreshing native plugins compatible for Editor in 0.39 ms, found 1 plugins.
Preloading 0 native plugins for Editor in 0.00 ms.
Invoked RoslynAnalysisRunner static constructor.
RoslynAnalysisRunner will not be running.
RoslynAnalysisRunner has terminated.
Mono: successfully reloaded assembly
- Completed reload, in  1.012 seconds
Platform modules already initialized, skipping
Refreshing native plugins compatible for Editor in 0.41 ms, found 1 plugins.
Preloading 0 native plugins for Editor in 0.00 ms.
Unloading 1785 Unused Serialized files (Serialized files now loaded: 0)
System memory in use before: 84.8 MB.
System memory in use after: 84.8 MB.

Unloading 11 unused Assets to reduce memory usage. Loaded Objects now: 2252.
Total: 2.627300 ms (FindLiveObjects: 0.233600 ms CreateObjectMapping: 0.048400 ms MarkObjects: 2.240200 ms  DeleteObjects: 0.103000 ms)

========================================================================
Received Prepare
Registering precompiled user dll's ...
Registered in 0.001427 seconds.
Begin MonoManager ReloadAssembly
Native extension for WindowsStandalone target not found
Refreshing native plugins compatible for Editor in 0.39 ms, found 1 plugins.
Preloading 0 native plugins for Editor in 0.00 ms.
Invoked RoslynAnalysisRunner static constructor.
RoslynAnalysisRunner will not be running.
RoslynAnalysisRunner has terminated.
Mono: successfully reloaded assembly
- Completed reload, in  1.030 seconds
Platform modules already initialized, skipping
Refreshing native plugins compatible for Editor in 0.46 ms, found 1 plugins.
Preloading 0 native plugins for Editor in 0.00 ms.
Unloading 1785 Unused Serialized files (Serialized files now loaded: 0)
System memory in use before: 84.9 MB.
System memory in use after: 84.9 MB.

Unloading 11 unused Assets to reduce memory usage. Loaded Objects now: 2255.
Total: 2.204300 ms (FindLiveObjects: 0.241600 ms CreateObjectMapping: 0.061400 ms MarkObjects: 1.781300 ms  DeleteObjects: 0.118700 ms)

========================================================================
Received Prepare
Registering precompiled user dll's ...
Registered in 0.003194 seconds.
Begin MonoManager ReloadAssembly
Native extension for WindowsStandalone target not found
Refreshing native plugins compatible for Editor in 0.40 ms, found 1 plugins.
Preloading 0 native plugins for Editor in 0.00 ms.
Invoked RoslynAnalysisRunner static constructor.
RoslynAnalysisRunner will not be running.
RoslynAnalysisRunner has terminated.
Mono: successfully reloaded assembly
- Completed reload, in  1.019 seconds
Platform modules already initialized, skipping
Refreshing native plugins compatible for Editor in 0.42 ms, found 1 plugins.
Preloading 0 native plugins for Editor in 0.00 ms.
Unloading 1785 Unused Serialized files (Serialized files now loaded: 0)
System memory in use before: 85.0 MB.
System memory in use after: 85.0 MB.

Unloading 11 unused Assets to reduce memory usage. Loaded Objects now: 2258.
Total: 4.663400 ms (FindLiveObjects: 0.258600 ms CreateObjectMapping: 0.057600 ms MarkObjects: 4.162200 ms  DeleteObjects: 0.182700 ms)

========================================================================
Received Prepare
Registering precompiled user dll's ...
Registered in 0.001392 seconds.
Begin MonoManager ReloadAssembly
Native extension for WindowsStandalone target not found
Refreshing native plugins compatible for Editor in 0.47 ms, found 1 plugins.
Preloading 0 native plugins for Editor in 0.00 ms.
Invoked RoslynAnalysisRunner static constructor.
RoslynAnalysisRunner will not be running.
RoslynAnalysisRunner has terminated.
Mono: successfully reloaded assembly
- Completed reload, in  1.048 seconds
Platform modules already initialized, skipping
Refreshing native plugins compatible for Editor in 0.39 ms, found 1 plugins.
Preloading 0 native plugins for Editor in 0.00 ms.
Unloading 1785 Unused Serialized files (Serialized files now loaded: 0)
System memory in use before: 85.1 MB.
System memory in use after: 85.1 MB.

Unloading 11 unused Assets to reduce memory usage. Loaded Objects now: 2261.
Total: 2.728300 ms (FindLiveObjects: 0.237000 ms CreateObjectMapping: 0.063400 ms MarkObjects: 2.309500 ms  DeleteObjects: 0.117000 ms)

========================================================================
Received Prepare
Registering precompiled user dll's ...
Registered in 0.001889 seconds.
Begin MonoManager ReloadAssembly
Native extension for WindowsStandalone target not found
Refreshing native plugins compatible for Editor in 0.39 ms, found 1 plugins.
Preloading 0 native plugins for Editor in 0.00 ms.
Invoked RoslynAnalysisRunner static constructor.
RoslynAnalysisRunner will not be running.
RoslynAnalysisRunner has terminated.
Mono: successfully reloaded assembly
- Completed reload, in  1.032 seconds
Platform modules already initialized, skipping
Refreshing native plugins compatible for Editor in 0.46 ms, found 1 plugins.
Preloading 0 native plugins for Editor in 0.00 ms.
Unloading 1785 Unused Serialized files (Serialized files now loaded: 0)
System memory in use before: 85.1 MB.
System memory in use after: 85.2 MB.

Unloading 11 unused Assets to reduce memory usage. Loaded Objects now: 2264.
Total: 2.646600 ms (FindLiveObjects: 0.229900 ms CreateObjectMapping: 0.046100 ms MarkObjects: 2.204300 ms  DeleteObjects: 0.164300 ms)

========================================================================
Received Prepare
Registering precompiled user dll's ...
Registered in 0.001414 seconds.
Begin MonoManager ReloadAssembly
Native extension for WindowsStandalone target not found
Refreshing native plugins compatible for Editor in 0.43 ms, found 1 plugins.
Preloading 0 native plugins for Editor in 0.00 ms.
Invoked RoslynAnalysisRunner static constructor.
RoslynAnalysisRunner will not be running.
RoslynAnalysisRunner has terminated.
Mono: successfully reloaded assembly
- Completed reload, in  1.011 seconds
Platform modules already initialized, skipping
Refreshing native plugins compatible for Editor in 0.40 ms, found 1 plugins.
Preloading 0 native plugins for Editor in 0.00 ms.
Unloading 1785 Unused Serialized files (Serialized files now loaded: 0)
System memory in use before: 85.3 MB.
System memory in use after: 85.3 MB.

Unloading 11 unused Assets to reduce memory usage. Loaded Objects now: 2267.
Total: 2.710800 ms (FindLiveObjects: 0.212100 ms CreateObjectMapping: 0.045500 ms MarkObjects: 2.341300 ms  DeleteObjects: 0.110600 ms)

========================================================================
Received Prepare
Registering precompiled user dll's ...
Registered in 0.001533 seconds.
Begin MonoManager ReloadAssembly
Native extension for WindowsStandalone target not found
Refreshing native plugins compatible for Editor in 0.46 ms, found 1 plugins.
Preloading 0 native plugins for Editor in 0.00 ms.
Invoked RoslynAnalysisRunner static constructor.
RoslynAnalysisRunner will not be running.
RoslynAnalysisRunner has terminated.
Mono: successfully reloaded assembly
- Completed reload, in  1.509 seconds
Platform modules already initialized, skipping
Refreshing native plugins compatible for Editor in 0.43 ms, found 1 plugins.
Preloading 0 native plugins for Editor in 0.00 ms.
Unloading 1785 Unused Serialized files (Serialized files now loaded: 0)
System memory in use before: 85.4 MB.
System memory in use after: 85.4 MB.

Unloading 11 unused Assets to reduce memory usage. Loaded Objects now: 2270.
Total: 2.278300 ms (FindLiveObjects: 0.213300 ms CreateObjectMapping: 0.046700 ms MarkObjects: 1.893100 ms  DeleteObjects: 0.123600 ms)

========================================================================
Received Prepare
Registering precompiled user dll's ...
Registered in 0.001412 seconds.
Begin MonoManager ReloadAssembly
Native extension for WindowsStandalone target not found
Refreshing native plugins compatible for Editor in 0.42 ms, found 1 plugins.
Preloading 0 native plugins for Editor in 0.00 ms.
Invoked RoslynAnalysisRunner static constructor.
RoslynAnalysisRunner will not be running.
RoslynAnalysisRunner has terminated.
Mono: successfully reloaded assembly
- Completed reload, in  1.020 seconds
Platform modules already initialized, skipping
Refreshing native plugins compatible for Editor in 0.39 ms, found 1 plugins.
Preloading 0 native plugins for Editor in 0.00 ms.
Unloading 1785 Unused Serialized files (Serialized files now loaded: 0)
System memory in use before: 85.5 MB.
System memory in use after: 85.5 MB.

Unloading 11 unused Assets to reduce memory usage. Loaded Objects now: 2273.
Total: 2.711400 ms (FindLiveObjects: 0.234700 ms CreateObjectMapping: 0.060600 ms MarkObjects: 2.295400 ms  DeleteObjects: 0.119100 ms)

========================================================================
Received Prepare
Registering precompiled user dll's ...
Registered in 0.001413 seconds.
Begin MonoManager ReloadAssembly
Native extension for WindowsStandalone target not found
Refreshing native plugins compatible for Editor in 0.45 ms, found 1 plugins.
Preloading 0 native plugins for Editor in 0.00 ms.
Invoked RoslynAnalysisRunner static constructor.
RoslynAnalysisRunner will not be running.
RoslynAnalysisRunner has terminated.
Mono: successfully reloaded assembly
- Completed reload, in  1.110 seconds
Platform modules already initialized, skipping
Refreshing native plugins compatible for Editor in 0.38 ms, found 1 plugins.
Preloading 0 native plugins for Editor in 0.00 ms.
Unloading 1785 Unused Serialized files (Serialized files now loaded: 0)
System memory in use before: 85.6 MB.
System memory in use after: 85.6 MB.

Unloading 11 unused Assets to reduce memory usage. Loaded Objects now: 2276.
Total: 2.572600 ms (FindLiveObjects: 0.259000 ms CreateObjectMapping: 0.057200 ms MarkObjects: 2.139700 ms  DeleteObjects: 0.115000 ms)

========================================================================
Received Prepare
Registering precompiled user dll's ...
Registered in 0.001451 seconds.
Begin MonoManager ReloadAssembly
Native extension for WindowsStandalone target not found
Refreshing native plugins compatible for Editor in 0.48 ms, found 1 plugins.
Preloading 0 native plugins for Editor in 0.00 ms.
Invoked RoslynAnalysisRunner static constructor.
RoslynAnalysisRunner will not be running.
RoslynAnalysisRunner has terminated.
Mono: successfully reloaded assembly
- Completed reload, in  1.032 seconds
Platform modules already initialized, skipping
Refreshing native plugins compatible for Editor in 0.42 ms, found 1 plugins.
Preloading 0 native plugins for Editor in 0.00 ms.
Unloading 1785 Unused Serialized files (Serialized files now loaded: 0)
System memory in use before: 85.7 MB.
System memory in use after: 85.7 MB.

Unloading 11 unused Assets to reduce memory usage. Loaded Objects now: 2279.
Total: 2.802200 ms (FindLiveObjects: 0.266300 ms CreateObjectMapping: 0.062900 ms MarkObjects: 2.355200 ms  DeleteObjects: 0.115400 ms)

========================================================================
Received Prepare
Registering precompiled user dll's ...
Registered in 0.001789 seconds.
Begin MonoManager ReloadAssembly
Native extension for WindowsStandalone target not found
Refreshing native plugins compatible for Editor in 0.44 ms, found 1 plugins.
Preloading 0 native plugins for Editor in 0.00 ms.
Invoked RoslynAnalysisRunner static constructor.
RoslynAnalysisRunner will not be running.
RoslynAnalysisRunner has terminated.
Mono: successfully reloaded assembly
- Completed reload, in  1.412 seconds
Platform modules already initialized, skipping
Refreshing native plugins compatible for Editor in 0.39 ms, found 1 plugins.
Preloading 0 native plugins for Editor in 0.00 ms.
Unloading 1785 Unused Serialized files (Serialized files now loaded: 0)
System memory in use before: 85.8 MB.
System memory in use after: 85.8 MB.

Unloading 11 unused Assets to reduce memory usage. Loaded Objects now: 2282.
Total: 3.118000 ms (FindLiveObjects: 0.356800 ms CreateObjectMapping: 0.085700 ms MarkObjects: 2.555300 ms  DeleteObjects: 0.117500 ms)

========================================================================
Received Prepare
Registering precompiled user dll's ...
Registered in 0.001460 seconds.
Begin MonoManager ReloadAssembly
Native extension for WindowsStandalone target not found
Refreshing native plugins compatible for Editor in 0.44 ms, found 1 plugins.
Preloading 0 native plugins for Editor in 0.00 ms.
Invoked RoslynAnalysisRunner static constructor.
RoslynAnalysisRunner will not be running.
RoslynAnalysisRunner has terminated.
Mono: successfully reloaded assembly
- Completed reload, in  0.998 seconds
Platform modules already initialized, skipping
Refreshing native plugins compatible for Editor in 0.40 ms, found 1 plugins.
Preloading 0 native plugins for Editor in 0.00 ms.
Unloading 1785 Unused Serialized files (Serialized files now loaded: 0)
System memory in use before: 85.9 MB.
System memory in use after: 85.9 MB.

Unloading 11 unused Assets to reduce memory usage. Loaded Objects now: 2285.
Total: 2.639800 ms (FindLiveObjects: 0.229100 ms CreateObjectMapping: 0.045400 ms MarkObjects: 2.260200 ms  DeleteObjects: 0.103700 ms)

========================================================================
Received Prepare
Registering precompiled user dll's ...
Registered in 0.001797 seconds.
Begin MonoManager ReloadAssembly
Native extension for WindowsStandalone target not found
Refreshing native plugins compatible for Editor in 0.43 ms, found 1 plugins.
Preloading 0 native plugins for Editor in 0.00 ms.
Invoked RoslynAnalysisRunner static constructor.
RoslynAnalysisRunner will not be running.
RoslynAnalysisRunner has terminated.
Mono: successfully reloaded assembly
- Completed reload, in  1.030 seconds
Platform modules already initialized, skipping
Refreshing native plugins compatible for Editor in 0.39 ms, found 1 plugins.
Preloading 0 native plugins for Editor in 0.00 ms.
Unloading 1785 Unused Serialized files (Serialized files now loaded: 0)
System memory in use before: 86.0 MB.
System memory in use after: 86.0 MB.

Unloading 11 unused Assets to reduce memory usage. Loaded Objects now: 2288.
Total: 2.574100 ms (FindLiveObjects: 0.239000 ms CreateObjectMapping: 0.056800 ms MarkObjects: 2.157400 ms  DeleteObjects: 0.119200 ms)

========================================================================
Received Prepare
Registering precompiled user dll's ...
Registered in 0.002099 seconds.
Begin MonoManager ReloadAssembly
Native extension for WindowsStandalone target not found
Refreshing native plugins compatible for Editor in 0.39 ms, found 1 plugins.
Preloading 0 native plugins for Editor in 0.00 ms.
Invoked RoslynAnalysisRunner static constructor.
RoslynAnalysisRunner will not be running.
RoslynAnalysisRunner has terminated.
Mono: successfully reloaded assembly
- Completed reload, in  1.032 seconds
Platform modules already initialized, skipping
Refreshing native plugins compatible for Editor in 0.38 ms, found 1 plugins.
Preloading 0 native plugins for Editor in 0.00 ms.
Unloading 1785 Unused Serialized files (Serialized files now loaded: 0)
System memory in use before: 86.1 MB.
System memory in use after: 86.1 MB.

Unloading 11 unused Assets to reduce memory usage. Loaded Objects now: 2291.
Total: 2.715600 ms (FindLiveObjects: 0.284000 ms CreateObjectMapping: 0.057000 ms MarkObjects: 2.261700 ms  DeleteObjects: 0.111000 ms)

========================================================================
Received Prepare
Registering precompiled user dll's ...
Registered in 0.001419 seconds.
Begin MonoManager ReloadAssembly
Native extension for WindowsStandalone target not found
Refreshing native plugins compatible for Editor in 0.41 ms, found 1 plugins.
Preloading 0 native plugins for Editor in 0.00 ms.
Invoked RoslynAnalysisRunner static constructor.
RoslynAnalysisRunner will not be running.
RoslynAnalysisRunner has terminated.
Mono: successfully reloaded assembly
- Completed reload, in  1.027 seconds
Platform modules already initialized, skipping
Refreshing native plugins compatible for Editor in 0.39 ms, found 1 plugins.
Preloading 0 native plugins for Editor in 0.00 ms.
Unloading 1785 Unused Serialized files (Serialized files now loaded: 0)
System memory in use before: 86.2 MB.
System memory in use after: 86.2 MB.

Unloading 11 unused Assets to reduce memory usage. Loaded Objects now: 2294.
Total: 2.572100 ms (FindLiveObjects: 0.248900 ms CreateObjectMapping: 0.067200 ms MarkObjects: 2.131700 ms  DeleteObjects: 0.122200 ms)

========================================================================
Received Prepare
Registering precompiled user dll's ...
Registered in 0.001375 seconds.
Begin MonoManager ReloadAssembly
Native extension for WindowsStandalone target not found
Refreshing native plugins compatible for Editor in 0.39 ms, found 1 plugins.
Preloading 0 native plugins for Editor in 0.00 ms.
Invoked RoslynAnalysisRunner static constructor.
RoslynAnalysisRunner will not be running.
RoslynAnalysisRunner has terminated.
Mono: successfully reloaded assembly
- Completed reload, in  1.010 seconds
Platform modules already initialized, skipping
Refreshing native plugins compatible for Editor in 0.46 ms, found 1 plugins.
Preloading 0 native plugins for Editor in 0.00 ms.
Unloading 1785 Unused Serialized files (Serialized files now loaded: 0)
System memory in use before: 86.2 MB.
System memory in use after: 86.2 MB.

Unloading 11 unused Assets to reduce memory usage. Loaded Objects now: 2297.
Total: 3.377900 ms (FindLiveObjects: 0.229000 ms CreateObjectMapping: 0.045800 ms MarkObjects: 2.949800 ms  DeleteObjects: 0.151400 ms)

========================================================================
Received Prepare
Registering precompiled user dll's ...
Registered in 0.001417 seconds.
Begin MonoManager ReloadAssembly
Native extension for WindowsStandalone target not found
Refreshing native plugins compatible for Editor in 0.39 ms, found 1 plugins.
Preloading 0 native plugins for Editor in 0.00 ms.
Invoked RoslynAnalysisRunner static constructor.
RoslynAnalysisRunner will not be running.
RoslynAnalysisRunner has terminated.
Mono: successfully reloaded assembly
- Completed reload, in  1.026 seconds
Platform modules already initialized, skipping
Refreshing native plugins compatible for Editor in 0.48 ms, found 1 plugins.
Preloading 0 native plugins for Editor in 0.00 ms.
Unloading 1785 Unused Serialized files (Serialized files now loaded: 0)
System memory in use before: 85.4 MB.
System memory in use after: 85.4 MB.

Unloading 11 unused Assets to reduce memory usage. Loaded Objects now: 2300.
Total: 2.842100 ms (FindLiveObjects: 0.242000 ms CreateObjectMapping: 0.062300 ms MarkObjects: 2.412300 ms  DeleteObjects: 0.123900 ms)

========================================================================
Received Prepare
Registering precompiled user dll's ...
Registered in 0.001413 seconds.
Begin MonoManager ReloadAssembly
Native extension for WindowsStandalone target not found
Refreshing native plugins compatible for Editor in 0.39 ms, found 1 plugins.
Preloading 0 native plugins for Editor in 0.00 ms.
Invoked RoslynAnalysisRunner static constructor.
RoslynAnalysisRunner will not be running.
RoslynAnalysisRunner has terminated.
Mono: successfully reloaded assembly
- Completed reload, in  1.199 seconds
Platform modules already initialized, skipping
Refreshing native plugins compatible for Editor in 0.39 ms, found 1 plugins.
Preloading 0 native plugins for Editor in 0.00 ms.
Unloading 1785 Unused Serialized files (Serialized files now loaded: 0)
System memory in use before: 85.5 MB.
System memory in use after: 85.5 MB.

Unloading 11 unused Assets to reduce memory usage. Loaded Objects now: 2303.
Total: 3.363300 ms (FindLiveObjects: 0.264000 ms CreateObjectMapping: 0.069500 ms MarkObjects: 2.910900 ms  DeleteObjects: 0.117400 ms)

========================================================================
Received Prepare
Registering precompiled user dll's ...
Registered in 0.001525 seconds.
Begin MonoManager ReloadAssembly
Native extension for WindowsStandalone target not found
Refreshing native plugins compatible for Editor in 0.39 ms, found 1 plugins.
Preloading 0 native plugins for Editor in 0.00 ms.
Invoked RoslynAnalysisRunner static constructor.
RoslynAnalysisRunner will not be running.
RoslynAnalysisRunner has terminated.
Mono: successfully reloaded assembly
- Completed reload, in  1.025 seconds
Platform modules already initialized, skipping
Refreshing native plugins compatible for Editor in 0.39 ms, found 1 plugins.
Preloading 0 native plugins for Editor in 0.00 ms.
Unloading 1785 Unused Serialized files (Serialized files now loaded: 0)
System memory in use before: 85.6 MB.
System memory in use after: 85.6 MB.

Unloading 11 unused Assets to reduce memory usage. Loaded Objects now: 2306.
Total: 2.840800 ms (FindLiveObjects: 0.258900 ms CreateObjectMapping: 0.062900 ms MarkObjects: 2.392900 ms  DeleteObjects: 0.124300 ms)

========================================================================
Received Prepare
Registering precompiled user dll's ...
Registered in 0.003061 seconds.
Begin MonoManager ReloadAssembly
Native extension for WindowsStandalone target not found
Refreshing native plugins compatible for Editor in 0.42 ms, found 1 plugins.
Preloading 0 native plugins for Editor in 0.00 ms.
Invoked RoslynAnalysisRunner static constructor.
RoslynAnalysisRunner will not be running.
RoslynAnalysisRunner has terminated.
Mono: successfully reloaded assembly
- Completed reload, in  1.297 seconds
Platform modules already initialized, skipping
Refreshing native plugins compatible for Editor in 0.61 ms, found 1 plugins.
Preloading 0 native plugins for Editor in 0.00 ms.
Unloading 1785 Unused Serialized files (Serialized files now loaded: 0)
System memory in use before: 85.7 MB.
System memory in use after: 85.7 MB.

Unloading 11 unused Assets to reduce memory usage. Loaded Objects now: 2309.
Total: 5.206800 ms (FindLiveObjects: 0.610000 ms CreateObjectMapping: 0.058300 ms MarkObjects: 4.232800 ms  DeleteObjects: 0.303700 ms)

========================================================================
Received Prepare
Registering precompiled user dll's ...
Registered in 0.001594 seconds.
Begin MonoManager ReloadAssembly
Native extension for WindowsStandalone target not found
Refreshing native plugins compatible for Editor in 0.39 ms, found 1 plugins.
Preloading 0 native plugins for Editor in 0.00 ms.
Invoked RoslynAnalysisRunner static constructor.
RoslynAnalysisRunner will not be running.
RoslynAnalysisRunner has terminated.
Mono: successfully reloaded assembly
- Completed reload, in  1.027 seconds
Platform modules already initialized, skipping
Refreshing native plugins compatible for Editor in 0.39 ms, found 1 plugins.
Preloading 0 native plugins for Editor in 0.00 ms.
Unloading 1785 Unused Serialized files (Serialized files now loaded: 0)
System memory in use before: 85.8 MB.
System memory in use after: 85.8 MB.

Unloading 11 unused Assets to reduce memory usage. Loaded Objects now: 2312.
Total: 2.651000 ms (FindLiveObjects: 0.251600 ms CreateObjectMapping: 0.055800 ms MarkObjects: 2.229000 ms  DeleteObjects: 0.112900 ms)

========================================================================
Received Prepare
Registering precompiled user dll's ...
Registered in 0.001771 seconds.
Begin MonoManager ReloadAssembly
Native extension for WindowsStandalone target not found
Refreshing native plugins compatible for Editor in 0.46 ms, found 1 plugins.
Preloading 0 native plugins for Editor in 0.00 ms.
Invoked RoslynAnalysisRunner static constructor.
RoslynAnalysisRunner will not be running.
RoslynAnalysisRunner has terminated.
Mono: successfully reloaded assembly
- Completed reload, in  0.990 seconds
Platform modules already initialized, skipping
Refreshing native plugins compatible for Editor in 0.39 ms, found 1 plugins.
Preloading 0 native plugins for Editor in 0.00 ms.
Unloading 1785 Unused Serialized files (Serialized files now loaded: 0)
System memory in use before: 85.9 MB.
System memory in use after: 85.9 MB.

Unloading 11 unused Assets to reduce memory usage. Loaded Objects now: 2315.
Total: 2.745300 ms (FindLiveObjects: 0.241600 ms CreateObjectMapping: 0.064300 ms MarkObjects: 2.317900 ms  DeleteObjects: 0.120300 ms)

========================================================================
Received Prepare
Registering precompiled user dll's ...
Registered in 0.001633 seconds.
Begin MonoManager ReloadAssembly
Native extension for WindowsStandalone target not found
Refreshing native plugins compatible for Editor in 0.47 ms, found 1 plugins.
Preloading 0 native plugins for Editor in 0.00 ms.
Invoked RoslynAnalysisRunner static constructor.
RoslynAnalysisRunner will not be running.
RoslynAnalysisRunner has terminated.
Mono: successfully reloaded assembly
- Completed reload, in  1.089 seconds
Platform modules already initialized, skipping
Refreshing native plugins compatible for Editor in 0.44 ms, found 1 plugins.
Preloading 0 native plugins for Editor in 0.00 ms.
Unloading 1785 Unused Serialized files (Serialized files now loaded: 0)
System memory in use before: 86.0 MB.
System memory in use after: 86.0 MB.

Unloading 11 unused Assets to reduce memory usage. Loaded Objects now: 2318.
Total: 3.111800 ms (FindLiveObjects: 0.391400 ms CreateObjectMapping: 0.073900 ms MarkObjects: 2.529400 ms  DeleteObjects: 0.115200 ms)

========================================================================
Received Prepare
Registering precompiled user dll's ...
Registered in 0.001381 seconds.
Begin MonoManager ReloadAssembly
Native extension for WindowsStandalone target not found
Refreshing native plugins compatible for Editor in 0.40 ms, found 1 plugins.
Preloading 0 native plugins for Editor in 0.00 ms.
Invoked RoslynAnalysisRunner static constructor.
RoslynAnalysisRunner will not be running.
RoslynAnalysisRunner has terminated.
Mono: successfully reloaded assembly
- Completed reload, in  1.010 seconds
Platform modules already initialized, skipping
Refreshing native plugins compatible for Editor in 0.39 ms, found 1 plugins.
Preloading 0 native plugins for Editor in 0.00 ms.
Unloading 1785 Unused Serialized files (Serialized files now loaded: 0)
System memory in use before: 86.1 MB.
System memory in use after: 86.1 MB.

Unloading 11 unused Assets to reduce memory usage. Loaded Objects now: 2321.
Total: 2.760800 ms (FindLiveObjects: 0.277000 ms CreateObjectMapping: 0.065100 ms MarkObjects: 2.299800 ms  DeleteObjects: 0.117500 ms)

========================================================================
Received Prepare
Registering precompiled user dll's ...
Registered in 0.001757 seconds.
Begin MonoManager ReloadAssembly
Native extension for WindowsStandalone target not found
Refreshing native plugins compatible for Editor in 0.39 ms, found 1 plugins.
Preloading 0 native plugins for Editor in 0.00 ms.
Invoked RoslynAnalysisRunner static constructor.
RoslynAnalysisRunner will not be running.
RoslynAnalysisRunner has terminated.
Mono: successfully reloaded assembly
- Completed reload, in  0.972 seconds
Platform modules already initialized, skipping
Refreshing native plugins compatible for Editor in 0.38 ms, found 1 plugins.
Preloading 0 native plugins for Editor in 0.00 ms.
Unloading 1785 Unused Serialized files (Serialized files now loaded: 0)
System memory in use before: 86.2 MB.
System memory in use after: 86.2 MB.

Unloading 11 unused Assets to reduce memory usage. Loaded Objects now: 2324.
Total: 2.160200 ms (FindLiveObjects: 0.222000 ms CreateObjectMapping: 0.046200 ms MarkObjects: 1.790400 ms  DeleteObjects: 0.100200 ms)

========================================================================
Received Prepare
Registering precompiled user dll's ...
Registered in 0.001392 seconds.
Begin MonoManager ReloadAssembly
Native extension for WindowsStandalone target not found
Refreshing native plugins compatible for Editor in 0.49 ms, found 1 plugins.
Preloading 0 native plugins for Editor in 0.00 ms.
Invoked RoslynAnalysisRunner static constructor.
RoslynAnalysisRunner will not be running.
RoslynAnalysisRunner has terminated.
Mono: successfully reloaded assembly
- Completed reload, in  1.365 seconds
Platform modules already initialized, skipping
Refreshing native plugins compatible for Editor in 0.38 ms, found 1 plugins.
Preloading 0 native plugins for Editor in 0.00 ms.
Unloading 1785 Unused Serialized files (Serialized files now loaded: 0)
System memory in use before: 86.3 MB.
System memory in use after: 86.3 MB.

Unloading 11 unused Assets to reduce memory usage. Loaded Objects now: 2327.
Total: 3.159000 ms (FindLiveObjects: 0.243500 ms CreateObjectMapping: 0.047000 ms MarkObjects: 2.717900 ms  DeleteObjects: 0.148100 ms)

========================================================================
Received Prepare
Registering precompiled user dll's ...
Registered in 0.001369 seconds.
Begin MonoManager ReloadAssembly
Native extension for WindowsStandalone target not found
Refreshing native plugins compatible for Editor in 0.40 ms, found 1 plugins.
Preloading 0 native plugins for Editor in 0.00 ms.
Invoked RoslynAnalysisRunner static constructor.
RoslynAnalysisRunner will not be running.
RoslynAnalysisRunner has terminated.
Mono: successfully reloaded assembly
- Completed reload, in  1.003 seconds
Platform modules already initialized, skipping
Refreshing native plugins compatible for Editor in 0.39 ms, found 1 plugins.
Preloading 0 native plugins for Editor in 0.00 ms.
Unloading 1785 Unused Serialized files (Serialized files now loaded: 0)
System memory in use before: 86.3 MB.
System memory in use after: 86.3 MB.

Unloading 11 unused Assets to reduce memory usage. Loaded Objects now: 2330.
Total: 2.447200 ms (FindLiveObjects: 0.249700 ms CreateObjectMapping: 0.056200 ms MarkObjects: 2.028300 ms  DeleteObjects: 0.111700 ms)

========================================================================
Received Prepare
Registering precompiled user dll's ...
Registered in 0.001423 seconds.
Begin MonoManager ReloadAssembly
Native extension for WindowsStandalone target not found
Refreshing native plugins compatible for Editor in 0.40 ms, found 1 plugins.
Preloading 0 native plugins for Editor in 0.00 ms.
Invoked RoslynAnalysisRunner static constructor.
RoslynAnalysisRunner will not be running.
RoslynAnalysisRunner has terminated.
Mono: successfully reloaded assembly
- Completed reload, in  1.005 seconds
Platform modules already initialized, skipping
Refreshing native plugins compatible for Editor in 0.42 ms, found 1 plugins.
Preloading 0 native plugins for Editor in 0.00 ms.
Unloading 1785 Unused Serialized files (Serialized files now loaded: 0)
System memory in use before: 85.5 MB.
System memory in use after: 85.5 MB.

Unloading 11 unused Assets to reduce memory usage. Loaded Objects now: 2333.
Total: 2.403600 ms (FindLiveObjects: 0.241100 ms CreateObjectMapping: 0.051500 ms MarkObjects: 2.007500 ms  DeleteObjects: 0.101600 ms)

========================================================================
Received Prepare
Registering precompiled user dll's ...
Registered in 0.001831 seconds.
Begin MonoManager ReloadAssembly
Native extension for WindowsStandalone target not found
Refreshing native plugins compatible for Editor in 0.51 ms, found 1 plugins.
Preloading 0 native plugins for Editor in 0.00 ms.
Invoked RoslynAnalysisRunner static constructor.
RoslynAnalysisRunner will not be running.
RoslynAnalysisRunner has terminated.
Mono: successfully reloaded assembly
- Completed reload, in  1.097 seconds
Platform modules already initialized, skipping
Refreshing native plugins compatible for Editor in 0.39 ms, found 1 plugins.
Preloading 0 native plugins for Editor in 0.00 ms.
Unloading 1785 Unused Serialized files (Serialized files now loaded: 0)
System memory in use before: 85.6 MB.
System memory in use after: 85.6 MB.

Unloading 11 unused Assets to reduce memory usage. Loaded Objects now: 2336.
Total: 2.953500 ms (FindLiveObjects: 0.365200 ms CreateObjectMapping: 0.091300 ms MarkObjects: 2.369500 ms  DeleteObjects: 0.125600 ms)

========================================================================
Received Prepare
Registering precompiled user dll's ...
Registered in 0.001384 seconds.
Begin MonoManager ReloadAssembly
Native extension for WindowsStandalone target not found
Refreshing native plugins compatible for Editor in 0.49 ms, found 1 plugins.
Preloading 0 native plugins for Editor in 0.00 ms.
Invoked RoslynAnalysisRunner static constructor.
RoslynAnalysisRunner will not be running.
RoslynAnalysisRunner has terminated.
Mono: successfully reloaded assembly
- Completed reload, in  1.038 seconds
Platform modules already initialized, skipping
Refreshing native plugins compatible for Editor in 0.48 ms, found 1 plugins.
Preloading 0 native plugins for Editor in 0.00 ms.
Unloading 1785 Unused Serialized files (Serialized files now loaded: 0)
System memory in use before: 85.7 MB.
System memory in use after: 85.7 MB.

Unloading 11 unused Assets to reduce memory usage. Loaded Objects now: 2339.
Total: 2.521300 ms (FindLiveObjects: 0.256200 ms CreateObjectMapping: 0.057700 ms MarkObjects: 2.090400 ms  DeleteObjects: 0.115600 ms)

========================================================================
Received Prepare
Registering precompiled user dll's ...
Registered in 0.002610 seconds.
Begin MonoManager ReloadAssembly
Native extension for WindowsStandalone target not found
Refreshing native plugins compatible for Editor in 0.53 ms, found 1 plugins.
Preloading 0 native plugins for Editor in 0.00 ms.
Invoked RoslynAnalysisRunner static constructor.
RoslynAnalysisRunner will not be running.
RoslynAnalysisRunner has terminated.
Mono: successfully reloaded assembly
- Completed reload, in  1.102 seconds
Platform modules already initialized, skipping
Refreshing native plugins compatible for Editor in 0.39 ms, found 1 plugins.
Preloading 0 native plugins for Editor in 0.00 ms.
Unloading 1785 Unused Serialized files (Serialized files now loaded: 0)
System memory in use before: 85.8 MB.
System memory in use after: 85.8 MB.

Unloading 11 unused Assets to reduce memory usage. Loaded Objects now: 2342.
Total: 3.254800 ms (FindLiveObjects: 0.275800 ms CreateObjectMapping: 0.051700 ms MarkObjects: 2.805700 ms  DeleteObjects: 0.119900 ms)

========================================================================
Received Prepare
Registering precompiled user dll's ...
Registered in 0.001491 seconds.
Begin MonoManager ReloadAssembly
Native extension for WindowsStandalone target not found
Refreshing native plugins compatible for Editor in 0.39 ms, found 1 plugins.
Preloading 0 native plugins for Editor in 0.00 ms.
Invoked RoslynAnalysisRunner static constructor.
RoslynAnalysisRunner will not be running.
RoslynAnalysisRunner has terminated.
Mono: successfully reloaded assembly
- Completed reload, in  0.977 seconds
Platform modules already initialized, skipping
Refreshing native plugins compatible for Editor in 0.39 ms, found 1 plugins.
Preloading 0 native plugins for Editor in 0.00 ms.
Unloading 1785 Unused Serialized files (Serialized files now loaded: 0)
System memory in use before: 85.9 MB.
System memory in use after: 85.9 MB.

Unloading 11 unused Assets to reduce memory usage. Loaded Objects now: 2345.
Total: 2.688000 ms (FindLiveObjects: 0.240800 ms CreateObjectMapping: 0.046100 ms MarkObjects: 2.280600 ms  DeleteObjects: 0.119100 ms)

========================================================================
Received Prepare
Registering precompiled user dll's ...
Registered in 0.001735 seconds.
Begin MonoManager ReloadAssembly
Native extension for WindowsStandalone target not found
Refreshing native plugins compatible for Editor in 0.48 ms, found 1 plugins.
Preloading 0 native plugins for Editor in 0.00 ms.
Invoked RoslynAnalysisRunner static constructor.
RoslynAnalysisRunner will not be running.
RoslynAnalysisRunner has terminated.
Mono: successfully reloaded assembly
- Completed reload, in  1.199 seconds
Platform modules already initialized, skipping
Refreshing native plugins compatible for Editor in 0.40 ms, found 1 plugins.
Preloading 0 native plugins for Editor in 0.00 ms.
Unloading 1785 Unused Serialized files (Serialized files now loaded: 0)
System memory in use before: 86.0 MB.
System memory in use after: 86.0 MB.

Unloading 11 unused Assets to reduce memory usage. Loaded Objects now: 2348.
Total: 3.092600 ms (FindLiveObjects: 0.283100 ms CreateObjectMapping: 0.063300 ms MarkObjects: 2.623700 ms  DeleteObjects: 0.120900 ms)

========================================================================
Received Prepare
Registering precompiled user dll's ...
Registered in 0.001564 seconds.
Begin MonoManager ReloadAssembly
Native extension for WindowsStandalone target not found
Refreshing native plugins compatible for Editor in 0.39 ms, found 1 plugins.
Preloading 0 native plugins for Editor in 0.00 ms.
Invoked RoslynAnalysisRunner static constructor.
RoslynAnalysisRunner will not be running.
RoslynAnalysisRunner has terminated.
Mono: successfully reloaded assembly
- Completed reload, in  1.012 seconds
Platform modules already initialized, skipping
Refreshing native plugins compatible for Editor in 0.45 ms, found 1 plugins.
Preloading 0 native plugins for Editor in 0.00 ms.
Unloading 1785 Unused Serialized files (Serialized files now loaded: 0)
System memory in use before: 86.1 MB.
System memory in use after: 86.1 MB.

Unloading 11 unused Assets to reduce memory usage. Loaded Objects now: 2351.
Total: 2.495200 ms (FindLiveObjects: 0.252300 ms CreateObjectMapping: 0.054800 ms MarkObjects: 2.075100 ms  DeleteObjects: 0.111600 ms)

========================================================================
Received Prepare
Registering precompiled user dll's ...
Registered in 0.001417 seconds.
Begin MonoManager ReloadAssembly
Native extension for WindowsStandalone target not found
Refreshing native plugins compatible for Editor in 0.39 ms, found 1 plugins.
Preloading 0 native plugins for Editor in 0.00 ms.
Invoked RoslynAnalysisRunner static constructor.
RoslynAnalysisRunner will not be running.
RoslynAnalysisRunner has terminated.
Mono: successfully reloaded assembly
- Completed reload, in  1.034 seconds
Platform modules already initialized, skipping
Refreshing native plugins compatible for Editor in 0.39 ms, found 1 plugins.
Preloading 0 native plugins for Editor in 0.00 ms.
Unloading 1785 Unused Serialized files (Serialized files now loaded: 0)
System memory in use before: 86.2 MB.
System memory in use after: 86.2 MB.

Unloading 11 unused Assets to reduce memory usage. Loaded Objects now: 2354.
Total: 2.548400 ms (FindLiveObjects: 0.251400 ms CreateObjectMapping: 0.057100 ms MarkObjects: 2.118500 ms  DeleteObjects: 0.120100 ms)

========================================================================
Received Prepare
Registering precompiled user dll's ...
Registered in 0.001553 seconds.
Begin MonoManager ReloadAssembly
Native extension for WindowsStandalone target not found
Refreshing native plugins compatible for Editor in 0.40 ms, found 1 plugins.
Preloading 0 native plugins for Editor in 0.00 ms.
Invoked RoslynAnalysisRunner static constructor.
RoslynAnalysisRunner will not be running.
RoslynAnalysisRunner has terminated.
Mono: successfully reloaded assembly
- Completed reload, in  1.035 seconds
Platform modules already initialized, skipping
Refreshing native plugins compatible for Editor in 0.53 ms, found 1 plugins.
Preloading 0 native plugins for Editor in 0.00 ms.
Unloading 1785 Unused Serialized files (Serialized files now loaded: 0)
System memory in use before: 86.3 MB.
System memory in use after: 86.3 MB.

Unloading 11 unused Assets to reduce memory usage. Loaded Objects now: 2357.
Total: 3.314300 ms (FindLiveObjects: 0.438700 ms CreateObjectMapping: 0.082900 ms MarkObjects: 2.623600 ms  DeleteObjects: 0.166200 ms)

========================================================================
Received Prepare
Registering precompiled user dll's ...
Registered in 0.001593 seconds.
Begin MonoManager ReloadAssembly
Native extension for WindowsStandalone target not found
Refreshing native plugins compatible for Editor in 0.39 ms, found 1 plugins.
Preloading 0 native plugins for Editor in 0.00 ms.
Invoked RoslynAnalysisRunner static constructor.
RoslynAnalysisRunner will not be running.
RoslynAnalysisRunner has terminated.
Mono: successfully reloaded assembly
- Completed reload, in  1.042 seconds
Platform modules already initialized, skipping
Refreshing native plugins compatible for Editor in 0.39 ms, found 1 plugins.
Preloading 0 native plugins for Editor in 0.00 ms.
Unloading 1785 Unused Serialized files (Serialized files now loaded: 0)
System memory in use before: 86.4 MB.
System memory in use after: 86.4 MB.

Unloading 11 unused Assets to reduce memory usage. Loaded Objects now: 2360.
Total: 2.407800 ms (FindLiveObjects: 0.237900 ms CreateObjectMapping: 0.046500 ms MarkObjects: 2.001800 ms  DeleteObjects: 0.120000 ms)

========================================================================
Received Prepare
Registering precompiled user dll's ...
Registered in 0.001417 seconds.
Begin MonoManager ReloadAssembly
Native extension for WindowsStandalone target not found
Refreshing native plugins compatible for Editor in 0.82 ms, found 1 plugins.
Preloading 0 native plugins for Editor in 0.00 ms.
Invoked RoslynAnalysisRunner static constructor.
RoslynAnalysisRunner will not be running.
RoslynAnalysisRunner has terminated.
Mono: successfully reloaded assembly
- Completed reload, in  1.009 seconds
Platform modules already initialized, skipping
Refreshing native plugins compatible for Editor in 0.71 ms, found 1 plugins.
Preloading 0 native plugins for Editor in 0.00 ms.
Unloading 1785 Unused Serialized files (Serialized files now loaded: 0)
System memory in use before: 86.4 MB.
System memory in use after: 86.4 MB.

Unloading 11 unused Assets to reduce memory usage. Loaded Objects now: 2363.
Total: 2.478900 ms (FindLiveObjects: 0.278300 ms CreateObjectMapping: 0.045600 ms MarkObjects: 2.044400 ms  DeleteObjects: 0.108500 ms)

========================================================================
Received Prepare
Registering precompiled user dll's ...
Registered in 0.001600 seconds.
Begin MonoManager ReloadAssembly
Native extension for WindowsStandalone target not found
Refreshing native plugins compatible for Editor in 0.40 ms, found 1 plugins.
Preloading 0 native plugins for Editor in 0.00 ms.
Invoked RoslynAnalysisRunner static constructor.
RoslynAnalysisRunner will not be running.
RoslynAnalysisRunner has terminated.
Mono: successfully reloaded assembly
- Completed reload, in  1.041 seconds
Platform modules already initialized, skipping
Refreshing native plugins compatible for Editor in 0.39 ms, found 1 plugins.
Preloading 0 native plugins for Editor in 0.00 ms.
Unloading 1785 Unused Serialized files (Serialized files now loaded: 0)
System memory in use before: 85.6 MB.
System memory in use after: 85.6 MB.

Unloading 11 unused Assets to reduce memory usage. Loaded Objects now: 2366.
Total: 2.905100 ms (FindLiveObjects: 0.264900 ms CreateObjectMapping: 0.152600 ms MarkObjects: 2.368700 ms  DeleteObjects: 0.117500 ms)

========================================================================
Received Prepare
Registering precompiled user dll's ...
Registered in 0.002024 seconds.
Begin MonoManager ReloadAssembly
Native extension for WindowsStandalone target not found
Refreshing native plugins compatible for Editor in 0.39 ms, found 1 plugins.
Preloading 0 native plugins for Editor in 0.00 ms.
Invoked RoslynAnalysisRunner static constructor.
RoslynAnalysisRunner will not be running.
RoslynAnalysisRunner has terminated.
Mono: successfully reloaded assembly
- Completed reload, in  1.032 seconds
Platform modules already initialized, skipping
Refreshing native plugins compatible for Editor in 0.45 ms, found 1 plugins.
Preloading 0 native plugins for Editor in 0.00 ms.
Unloading 1785 Unused Serialized files (Serialized files now loaded: 0)
System memory in use before: 85.7 MB.
System memory in use after: 85.7 MB.

Unloading 11 unused Assets to reduce memory usage. Loaded Objects now: 2369.
Total: 2.771600 ms (FindLiveObjects: 0.262900 ms CreateObjectMapping: 0.063600 ms MarkObjects: 2.317000 ms  DeleteObjects: 0.126200 ms)

========================================================================
Received Prepare
Registering precompiled user dll's ...
Registered in 0.001617 seconds.
Begin MonoManager ReloadAssembly
Native extension for WindowsStandalone target not found
Refreshing native plugins compatible for Editor in 0.40 ms, found 1 plugins.
Preloading 0 native plugins for Editor in 0.00 ms.
Invoked RoslynAnalysisRunner static constructor.
RoslynAnalysisRunner will not be running.
RoslynAnalysisRunner has terminated.
Mono: successfully reloaded assembly
- Completed reload, in  1.044 seconds
Platform modules already initialized, skipping
Refreshing native plugins compatible for Editor in 0.39 ms, found 1 plugins.
Preloading 0 native plugins for Editor in 0.00 ms.
Unloading 1785 Unused Serialized files (Serialized files now loaded: 0)
System memory in use before: 85.8 MB.
System memory in use after: 85.8 MB.

Unloading 11 unused Assets to reduce memory usage. Loaded Objects now: 2372.
Total: 2.604800 ms (FindLiveObjects: 0.246800 ms CreateObjectMapping: 0.056200 ms MarkObjects: 2.182100 ms  DeleteObjects: 0.118000 ms)

========================================================================
Received Prepare
Registering precompiled user dll's ...
Registered in 0.001397 seconds.
Begin MonoManager ReloadAssembly
Native extension for WindowsStandalone target not found
Refreshing native plugins compatible for Editor in 0.46 ms, found 1 plugins.
Preloading 0 native plugins for Editor in 0.00 ms.
Invoked RoslynAnalysisRunner static constructor.
RoslynAnalysisRunner will not be running.
RoslynAnalysisRunner has terminated.
Mono: successfully reloaded assembly
- Completed reload, in  1.023 seconds
Platform modules already initialized, skipping
Refreshing native plugins compatible for Editor in 0.39 ms, found 1 plugins.
Preloading 0 native plugins for Editor in 0.00 ms.
Unloading 1785 Unused Serialized files (Serialized files now loaded: 0)
System memory in use before: 85.9 MB.
System memory in use after: 85.9 MB.

Unloading 11 unused Assets to reduce memory usage. Loaded Objects now: 2375.
Total: 2.734900 ms (FindLiveObjects: 0.296100 ms CreateObjectMapping: 0.052200 ms MarkObjects: 2.265500 ms  DeleteObjects: 0.119700 ms)

========================================================================
Received Prepare
Registering precompiled user dll's ...
Registered in 0.001520 seconds.
Begin MonoManager ReloadAssembly
Native extension for WindowsStandalone target not found
Refreshing native plugins compatible for Editor in 0.44 ms, found 1 plugins.
Preloading 0 native plugins for Editor in 0.00 ms.
Invoked RoslynAnalysisRunner static constructor.
RoslynAnalysisRunner will not be running.
RoslynAnalysisRunner has terminated.
Mono: successfully reloaded assembly
- Completed reload, in  1.131 seconds
Platform modules already initialized, skipping
Refreshing native plugins compatible for Editor in 0.42 ms, found 1 plugins.
Preloading 0 native plugins for Editor in 0.00 ms.
Unloading 1785 Unused Serialized files (Serialized files now loaded: 0)
System memory in use before: 86.0 MB.
System memory in use after: 86.0 MB.

Unloading 11 unused Assets to reduce memory usage. Loaded Objects now: 2378.
Total: 2.790800 ms (FindLiveObjects: 0.259900 ms CreateObjectMapping: 0.063800 ms MarkObjects: 2.340000 ms  DeleteObjects: 0.125500 ms)

========================================================================
Received Prepare
Registering precompiled user dll's ...
Registered in 0.002097 seconds.
Begin MonoManager ReloadAssembly
Native extension for WindowsStandalone target not found
Refreshing native plugins compatible for Editor in 0.47 ms, found 1 plugins.
Preloading 0 native plugins for Editor in 0.00 ms.
Invoked RoslynAnalysisRunner static constructor.
RoslynAnalysisRunner will not be running.
RoslynAnalysisRunner has terminated.
Mono: successfully reloaded assembly
- Completed reload, in  1.018 seconds
Platform modules already initialized, skipping
Refreshing native plugins compatible for Editor in 0.39 ms, found 1 plugins.
Preloading 0 native plugins for Editor in 0.00 ms.
Unloading 1785 Unused Serialized files (Serialized files now loaded: 0)
System memory in use before: 86.1 MB.
System memory in use after: 86.1 MB.

Unloading 11 unused Assets to reduce memory usage. Loaded Objects now: 2381.
Total: 2.286100 ms (FindLiveObjects: 0.265600 ms CreateObjectMapping: 0.047200 ms MarkObjects: 1.871900 ms  DeleteObjects: 0.100100 ms)

========================================================================
Received Prepare
Registering precompiled user dll's ...
Registered in 0.001406 seconds.
Begin MonoManager ReloadAssembly
Native extension for WindowsStandalone target not found
Refreshing native plugins compatible for Editor in 0.50 ms, found 1 plugins.
Preloading 0 native plugins for Editor in 0.00 ms.
Invoked RoslynAnalysisRunner static constructor.
RoslynAnalysisRunner will not be running.
RoslynAnalysisRunner has terminated.
Mono: successfully reloaded assembly
- Completed reload, in  1.064 seconds
Platform modules already initialized, skipping
Refreshing native plugins compatible for Editor in 0.46 ms, found 1 plugins.
Preloading 0 native plugins for Editor in 0.00 ms.
Unloading 1785 Unused Serialized files (Serialized files now loaded: 0)
System memory in use before: 86.2 MB.
System memory in use after: 86.2 MB.

Unloading 11 unused Assets to reduce memory usage. Loaded Objects now: 2384.
Total: 2.767200 ms (FindLiveObjects: 0.297900 ms CreateObjectMapping: 0.070800 ms MarkObjects: 2.291600 ms  DeleteObjects: 0.104800 ms)

========================================================================
Received Prepare
Registering precompiled user dll's ...
Registered in 0.001530 seconds.
Begin MonoManager ReloadAssembly
Native extension for WindowsStandalone target not found
Refreshing native plugins compatible for Editor in 0.42 ms, found 1 plugins.
Preloading 0 native plugins for Editor in 0.00 ms.
Invoked RoslynAnalysisRunner static constructor.
RoslynAnalysisRunner will not be running.
RoslynAnalysisRunner has terminated.
Mono: successfully reloaded assembly
- Completed reload, in  1.088 seconds
Platform modules already initialized, skipping
Refreshing native plugins compatible for Editor in 0.45 ms, found 1 plugins.
Preloading 0 native plugins for Editor in 0.00 ms.
Unloading 1785 Unused Serialized files (Serialized files now loaded: 0)
System memory in use before: 86.3 MB.
System memory in use after: 86.3 MB.

Unloading 11 unused Assets to reduce memory usage. Loaded Objects now: 2387.
Total: 2.884500 ms (FindLiveObjects: 0.264500 ms CreateObjectMapping: 0.072900 ms MarkObjects: 2.412200 ms  DeleteObjects: 0.133200 ms)

========================================================================
Received Prepare
Registering precompiled user dll's ...
Registered in 0.001617 seconds.
Begin MonoManager ReloadAssembly
Native extension for WindowsStandalone target not found
Refreshing native plugins compatible for Editor in 0.42 ms, found 1 plugins.
Preloading 0 native plugins for Editor in 0.00 ms.
Invoked RoslynAnalysisRunner static constructor.
RoslynAnalysisRunner will not be running.
RoslynAnalysisRunner has terminated.
Mono: successfully reloaded assembly
- Completed reload, in  1.016 seconds
Platform modules already initialized, skipping
Refreshing native plugins compatible for Editor in 0.47 ms, found 1 plugins.
Preloading 0 native plugins for Editor in 0.00 ms.
Unloading 1785 Unused Serialized files (Serialized files now loaded: 0)
System memory in use before: 86.4 MB.
System memory in use after: 86.4 MB.

Unloading 11 unused Assets to reduce memory usage. Loaded Objects now: 2390.
Total: 2.862600 ms (FindLiveObjects: 0.243700 ms CreateObjectMapping: 0.054600 ms MarkObjects: 2.451800 ms  DeleteObjects: 0.111100 ms)

========================================================================
Received Prepare
Registering precompiled user dll's ...
Registered in 0.001374 seconds.
Begin MonoManager ReloadAssembly
Native extension for WindowsStandalone target not found
Refreshing native plugins compatible for Editor in 0.68 ms, found 1 plugins.
Preloading 0 native plugins for Editor in 0.00 ms.
Invoked RoslynAnalysisRunner static constructor.
RoslynAnalysisRunner will not be running.
RoslynAnalysisRunner has terminated.
Mono: successfully reloaded assembly
- Completed reload, in  1.323 seconds
Platform modules already initialized, skipping
Refreshing native plugins compatible for Editor in 0.38 ms, found 1 plugins.
Preloading 0 native plugins for Editor in 0.00 ms.
Unloading 1785 Unused Serialized files (Serialized files now loaded: 0)
System memory in use before: 86.5 MB.
System memory in use after: 86.5 MB.

Unloading 11 unused Assets to reduce memory usage. Loaded Objects now: 2393.
Total: 2.734400 ms (FindLiveObjects: 0.285100 ms CreateObjectMapping: 0.060300 ms MarkObjects: 2.261800 ms  DeleteObjects: 0.125700 ms)

========================================================================
Received Prepare
Registering precompiled user dll's ...
Registered in 0.002030 seconds.
Begin MonoManager ReloadAssembly
Native extension for WindowsStandalone target not found
Refreshing native plugins compatible for Editor in 0.44 ms, found 1 plugins.
Preloading 0 native plugins for Editor in 0.00 ms.
Invoked RoslynAnalysisRunner static constructor.
RoslynAnalysisRunner will not be running.
RoslynAnalysisRunner has terminated.
Mono: successfully reloaded assembly
- Completed reload, in  1.076 seconds
Platform modules already initialized, skipping
Refreshing native plugins compatible for Editor in 0.70 ms, found 1 plugins.
Preloading 0 native plugins for Editor in 0.00 ms.
Unloading 1785 Unused Serialized files (Serialized files now loaded: 0)
System memory in use before: 86.5 MB.
System memory in use after: 86.5 MB.

Unloading 11 unused Assets to reduce memory usage. Loaded Objects now: 2396.
Total: 2.910100 ms (FindLiveObjects: 0.283600 ms CreateObjectMapping: 0.066900 ms MarkObjects: 2.434800 ms  DeleteObjects: 0.123000 ms)

========================================================================
Received Prepare
Registering precompiled user dll's ...
Registered in 0.002219 seconds.
Begin MonoManager ReloadAssembly
Native extension for WindowsStandalone target not found
Refreshing native plugins compatible for Editor in 0.82 ms, found 1 plugins.
Preloading 0 native plugins for Editor in 0.00 ms.
Invoked RoslynAnalysisRunner static constructor.
RoslynAnalysisRunner will not be running.
RoslynAnalysisRunner has terminated.
Mono: successfully reloaded assembly
- Completed reload, in  2.731 seconds
Platform modules already initialized, skipping
Refreshing native plugins compatible for Editor in 0.87 ms, found 1 plugins.
Preloading 0 native plugins for Editor in 0.00 ms.
Unloading 1785 Unused Serialized files (Serialized files now loaded: 0)
System memory in use before: 85.7 MB.
System memory in use after: 85.7 MB.

Unloading 11 unused Assets to reduce memory usage. Loaded Objects now: 2399.
Total: 3.868600 ms (FindLiveObjects: 0.613200 ms CreateObjectMapping: 0.060600 ms MarkObjects: 2.962400 ms  DeleteObjects: 0.230200 ms)

========================================================================
Received Prepare
Registering precompiled user dll's ...
Registered in 0.001713 seconds.
Begin MonoManager ReloadAssembly
Native extension for WindowsStandalone target not found
Refreshing native plugins compatible for Editor in 0.45 ms, found 1 plugins.
Preloading 0 native plugins for Editor in 0.00 ms.
Invoked RoslynAnalysisRunner static constructor.
RoslynAnalysisRunner will not be running.
RoslynAnalysisRunner has terminated.
Mono: successfully reloaded assembly
- Completed reload, in  1.122 seconds
Platform modules already initialized, skipping
Refreshing native plugins compatible for Editor in 0.59 ms, found 1 plugins.
Preloading 0 native plugins for Editor in 0.00 ms.
Unloading 1785 Unused Serialized files (Serialized files now loaded: 0)
System memory in use before: 85.8 MB.
System memory in use after: 85.8 MB.

Unloading 11 unused Assets to reduce memory usage. Loaded Objects now: 2402.
Total: 2.609400 ms (FindLiveObjects: 0.249400 ms CreateObjectMapping: 0.048300 ms MarkObjects: 2.202000 ms  DeleteObjects: 0.107900 ms)

========================================================================
Received Prepare
Registering precompiled user dll's ...
Registered in 0.001380 seconds.
Begin MonoManager ReloadAssembly
Native extension for WindowsStandalone target not found
Refreshing native plugins compatible for Editor in 0.39 ms, found 1 plugins.
Preloading 0 native plugins for Editor in 0.00 ms.
Invoked RoslynAnalysisRunner static constructor.
RoslynAnalysisRunner will not be running.
RoslynAnalysisRunner has terminated.
Mono: successfully reloaded assembly
- Completed reload, in  1.000 seconds
Platform modules already initialized, skipping
Refreshing native plugins compatible for Editor in 0.39 ms, found 1 plugins.
Preloading 0 native plugins for Editor in 0.00 ms.
Unloading 1785 Unused Serialized files (Serialized files now loaded: 0)
System memory in use before: 85.9 MB.
System memory in use after: 85.9 MB.

Unloading 11 unused Assets to reduce memory usage. Loaded Objects now: 2405.
Total: 2.984300 ms (FindLiveObjects: 0.272100 ms CreateObjectMapping: 0.071500 ms MarkObjects: 2.521200 ms  DeleteObjects: 0.118100 ms)

========================================================================
Received Prepare
Registering precompiled user dll's ...
Registered in 0.001815 seconds.
Begin MonoManager ReloadAssembly
Native extension for WindowsStandalone target not found
Refreshing native plugins compatible for Editor in 0.47 ms, found 1 plugins.
Preloading 0 native plugins for Editor in 0.00 ms.
Invoked RoslynAnalysisRunner static constructor.
RoslynAnalysisRunner will not be running.
RoslynAnalysisRunner has terminated.
Mono: successfully reloaded assembly
- Completed reload, in  1.155 seconds
Platform modules already initialized, skipping
Refreshing native plugins compatible for Editor in 0.39 ms, found 1 plugins.
Preloading 0 native plugins for Editor in 0.00 ms.
Unloading 1785 Unused Serialized files (Serialized files now loaded: 0)
System memory in use before: 86.0 MB.
System memory in use after: 86.0 MB.

Unloading 11 unused Assets to reduce memory usage. Loaded Objects now: 2408.
Total: 2.887800 ms (FindLiveObjects: 0.293100 ms CreateObjectMapping: 0.066100 ms MarkObjects: 2.390000 ms  DeleteObjects: 0.136600 ms)

AssetImportWorkerClient::OnTransportError - code=2 error=End of file
